C:\USERS\TIM\DOCUMENTS\SCHOOL\NUMERICAL\CUBIC SPLINE\DEBUG\ASS3.OBJ
C:\USERS\TIM\DOCUMENTS\SCHOOL\NUMERICAL\CUBIC SPLINE\DEBUG\GAUSSJORDAN.OBJ
C:\USERS\TIM\DOCUMENTS\SCHOOL\NUMERICAL\CUBIC SPLINE\DEBUG\VC110.PDB
C:\USERS\TIM\DOCUMENTS\SCHOOL\NUMERICAL\CUBIC SPLINE\DEBUG\CUBIC SPLINE.ILK
C:\USERS\TIM\DOCUMENTS\SCHOOL\NUMERICAL\CUBIC SPLINE\DEBUG\CUBIC SPLINE.EXE
C:\USERS\TIM\DOCUMENTS\SCHOOL\NUMERICAL\CUBIC SPLINE\DEBUG\CUBIC SPLINE.PDB
C:\Users\Tim\Documents\School\Numerical\Cubic Spline\Debug\ass3.obj
C:\Users\Tim\Documents\School\Numerical\Cubic Spline\Debug\GaussJordan.obj
C:\Users\Tim\Documents\School\Numerical\Cubic Spline\Debug\Cubic Spline.ilk
C:\Users\Tim\Documents\School\Numerical\Cubic Spline\Debug\cl.command.1.tlog
C:\Users\Tim\Documents\School\Numerical\Cubic Spline\Debug\CL.read.1.tlog
C:\Users\Tim\Documents\School\Numerical\Cubic Spline\Debug\CL.write.1.tlog
C:\Users\Tim\Documents\School\Numerical\Cubic Spline\Debug\link-cvtres.read.1.tlog
C:\Users\Tim\Documents\School\Numerical\Cubic Spline\Debug\link-cvtres.write.1.tlog
C:\Users\Tim\Documents\School\Numerical\Cubic Spline\Debug\link-rc.read.1.tlog
C:\Users\Tim\Documents\School\Numerical\Cubic Spline\Debug\link-rc.write.1.tlog
C:\Users\Tim\Documents\School\Numerical\Cubic Spline\Debug\link.command.1.tlog
C:\Users\Tim\Documents\School\Numerical\Cubic Spline\Debug\link.read.1.tlog
C:\Users\Tim\Documents\School\Numerical\Cubic Spline\Debug\link.write.1.tlog
C:\Users\Tim\Documents\School\Numerical\Cubic Spline\Debug\vc110.idb
C:\Users\Tim\Documents\School\Numerical\Cubic Spline\Debug\Cubic Spline.pdb
C:\Users\Tim\Documents\School\Numerical\Cubic Spline\Debug\vc110.pdb
C:\Users\Tim\Documents\School\Numerical\Cubic Spline\Debug\Cubic Spline.exe
